<?xml version="1.0" encoding="UTF-8"?>
<!-- Generated by org.testng.reporters.JUnitReportReporter -->
<testsuite hostname="HP-PC" name="SgnupPagefac.Newsclickrun" tests="1" failures="0" timestamp="12 Jul 2020 15:17:29 GMT" time="15.783" errors="0">
  <testcase name="Newsclick" time="15.783" classname="SgnupPagefac.Newsclickrun"/>
</testsuite> <!-- SgnupPagefac.Newsclickrun -->
